{
  "RSpec": {
    "coverage": {
      "/Users/chrishewitt/Turing/1module/enigma/lib/enigma.rb": {
        "lines": [
          1,
          1,
          1,
          null,
          1,
          11,
          null,
          null,
          1,
          4,
          null,
          null,
          1,
          10,
          8,
          8,
          null,
          2,
          10,
          null,
          null,
          null,
          1,
          40,
          8,
          8,
          8,
          8,
          8,
          null,
          null,
          null,
          1,
          7,
          98,
          null,
          null,
          null,
          1,
          8,
          8,
          112,
          24,
          null,
          null,
          8,
          null,
          null,
          1,
          7,
          19,
          null,
          7,
          null,
          null,
          1,
          67,
          null,
          null,
          1,
          6,
          6,
          6,
          6,
          66,
          18,
          48,
          18,
          30,
          18,
          12,
          12,
          null,
          null,
          6,
          null,
          null,
          1,
          7,
          null,
          null,
          null,
          null,
          null,
          null,
          null,
          null,
          null,
          null,
          null,
          null,
          null,
          null,
          null,
          null,
          null,
          null,
          null,
          null,
          null,
          null,
          null,
          null,
          null,
          null,
          null,
          null,
          null,
          null,
          null,
          null,
          null,
          null,
          null
        ]
      }
    },
    "timestamp": 1636760771
  }
}
