{
  "RSpec": {
    "coverage": {
      "/Users/chrishewitt/Turing/1module/enigma/lib/enigma.rb": {
        "lines": [
          1,
          1,
          1,
          null,
          1,
          14,
          null,
          null,
          1,
          4,
          null,
          null,
          1,
          12,
          10,
          10,
          null,
          2,
          12,
          null,
          null,
          1,
          50,
          10,
          10,
          10,
          10,
          10,
          null,
          null,
          null,
          1,
          9,
          133,
          null,
          null,
          null,
          1,
          10,
          10,
          147,
          37,
          null,
          null,
          10,
          null,
          null,
          1,
          9,
          32,
          null,
          9,
          null,
          null,
          1,
          89,
          null,
          null,
          1,
          6,
          6,
          6,
          6,
          66,
          18,
          48,
          18,
          30,
          18,
          12,
          12,
          null,
          null,
          6,
          null,
          null,
          1,
          2,
          2,
          2,
          2,
          22,
          6,
          16,
          6,
          10,
          6,
          4,
          4,
          null,
          null,
          2,
          null,
          null,
          1,
          7,
          null,
          null,
          null,
          null,
          null,
          null,
          1,
          3,
          null,
          null,
          null,
          null,
          null,
          null,
          1,
          12,
          8,
          null,
          4,
          null,
          null,
          null
        ]
      },
      "/Users/chrishewitt/Turing/1module/enigma/spec/generator_spec.rb": {
        "lines": [
          null,
          null,
          null,
          null,
          null,
          null,
          null,
          null,
          null,
          null,
          null,
          null,
          null,
          null,
          null,
          null,
          null,
          null,
          null,
          null,
          null,
          null,
          null,
          null
        ]
      }
    },
    "timestamp": 1636834265
  }
}
